2025-12-11 11:11:51,316 - __main__ - INFO - Bot başlatılıyor...
2025-12-11 11:11:51,374 - httpx - INFO - HTTP Request: POST https://api.telegram.org/bot8437498731:AAFU6_v8gc-yi4AuMJLsZs_gIJ7y2D7oYK8/getMe "HTTP/1.1 200 OK"
2025-12-11 11:11:51,390 - httpx - INFO - HTTP Request: POST https://api.telegram.org/bot8437498731:AAFU6_v8gc-yi4AuMJLsZs_gIJ7y2D7oYK8/deleteWebhook "HTTP/1.1 200 OK"
2025-12-11 11:11:51,392 - telegram.ext.Application - INFO - Application started
2025-12-11 11:11:51,442 - httpx - INFO - HTTP Request: POST https://api.telegram.org/bot8437498731:AAFU6_v8gc-yi4AuMJLsZs_gIJ7y2D7oYK8/getUpdates "HTTP/1.1 200 OK"
2025-12-11 11:11:51,494 - httpx - INFO - HTTP Request: POST https://api.telegram.org/bot8437498731:AAFU6_v8gc-yi4AuMJLsZs_gIJ7y2D7oYK8/sendMessage "HTTP/1.1 200 OK"
2025-12-11 11:12:01,466 - httpx - INFO - HTTP Request: POST https://api.telegram.org/bot8437498731:AAFU6_v8gc-yi4AuMJLsZs_gIJ7y2D7oYK8/getUpdates "HTTP/1.1 200 OK"
2025-12-11 11:12:11,486 - httpx - INFO - HTTP Request: POST https://api.telegram.org/bot8437498731:AAFU6_v8gc-yi4AuMJLsZs_gIJ7y2D7oYK8/getUpdates "HTTP/1.1 200 OK"
2025-12-11 11:12:21,506 - httpx - INFO - HTTP Request: POST https://api.telegram.org/bot8437498731:AAFU6_v8gc-yi4AuMJLsZs_gIJ7y2D7oYK8/getUpdates "HTTP/1.1 200 OK"
2025-12-11 11:12:31,527 - httpx - INFO - HTTP Request: POST https://api.telegram.org/bot8437498731:AAFU6_v8gc-yi4AuMJLsZs_gIJ7y2D7oYK8/getUpdates "HTTP/1.1 200 OK"
2025-12-11 11:12:41,547 - httpx - INFO - HTTP Request: POST https://api.telegram.org/bot8437498731:AAFU6_v8gc-yi4AuMJLsZs_gIJ7y2D7oYK8/getUpdates "HTTP/1.1 200 OK"
2025-12-11 11:12:51,567 - httpx - INFO - HTTP Request: POST https://api.telegram.org/bot8437498731:AAFU6_v8gc-yi4AuMJLsZs_gIJ7y2D7oYK8/getUpdates "HTTP/1.1 200 OK"
2025-12-11 11:13:01,586 - httpx - INFO - HTTP Request: POST https://api.telegram.org/bot8437498731:AAFU6_v8gc-yi4AuMJLsZs_gIJ7y2D7oYK8/getUpdates "HTTP/1.1 200 OK"
2025-12-11 11:13:11,604 - httpx - INFO - HTTP Request: POST https://api.telegram.org/bot8437498731:AAFU6_v8gc-yi4AuMJLsZs_gIJ7y2D7oYK8/getUpdates "HTTP/1.1 200 OK"
2025-12-11 11:13:21,621 - httpx - INFO - HTTP Request: POST https://api.telegram.org/bot8437498731:AAFU6_v8gc-yi4AuMJLsZs_gIJ7y2D7oYK8/getUpdates "HTTP/1.1 200 OK"
2025-12-11 11:13:31,638 - httpx - INFO - HTTP Request: POST https://api.telegram.org/bot8437498731:AAFU6_v8gc-yi4AuMJLsZs_gIJ7y2D7oYK8/getUpdates "HTTP/1.1 200 OK"
2025-12-11 11:13:41,656 - httpx - INFO - HTTP Request: POST https://api.telegram.org/bot8437498731:AAFU6_v8gc-yi4AuMJLsZs_gIJ7y2D7oYK8/getUpdates "HTTP/1.1 200 OK"
2025-12-11 11:13:51,678 - httpx - INFO - HTTP Request: POST https://api.telegram.org/bot8437498731:AAFU6_v8gc-yi4AuMJLsZs_gIJ7y2D7oYK8/getUpdates "HTTP/1.1 200 OK"
2025-12-11 11:13:56,751 - httpx - INFO - HTTP Request: POST https://api.telegram.org/bot8437498731:AAFU6_v8gc-yi4AuMJLsZs_gIJ7y2D7oYK8/getUpdates "HTTP/1.1 200 OK"
2025-12-11 11:13:56,752 - telegram.ext.Application - INFO - Application is stopping. This might take a moment.
2025-12-11 11:13:56,752 - telegram.ext.Application - INFO - Application.stop() complete
2025-12-11 11:14:43,651 - __main__ - INFO - Bot başlatılıyor...
2025-12-11 11:14:43,695 - httpx - INFO - HTTP Request: POST https://api.telegram.org/bot8437498731:AAFU6_v8gc-yi4AuMJLsZs_gIJ7y2D7oYK8/getMe "HTTP/1.1 200 OK"
2025-12-11 11:14:43,709 - httpx - INFO - HTTP Request: POST https://api.telegram.org/bot8437498731:AAFU6_v8gc-yi4AuMJLsZs_gIJ7y2D7oYK8/deleteWebhook "HTTP/1.1 200 OK"
2025-12-11 11:14:43,711 - telegram.ext.Application - INFO - Application started
2025-12-11 11:14:43,756 - httpx - INFO - HTTP Request: POST https://api.telegram.org/bot8437498731:AAFU6_v8gc-yi4AuMJLsZs_gIJ7y2D7oYK8/getUpdates "HTTP/1.1 200 OK"
2025-12-11 11:14:53,775 - httpx - INFO - HTTP Request: POST https://api.telegram.org/bot8437498731:AAFU6_v8gc-yi4AuMJLsZs_gIJ7y2D7oYK8/getUpdates "HTTP/1.1 200 OK"
2025-12-11 11:15:03,793 - httpx - INFO - HTTP Request: POST https://api.telegram.org/bot8437498731:AAFU6_v8gc-yi4AuMJLsZs_gIJ7y2D7oYK8/getUpdates "HTTP/1.1 200 OK"
2025-12-11 11:15:03,870 - httpx - INFO - HTTP Request: POST https://api.telegram.org/bot8437498731:AAFU6_v8gc-yi4AuMJLsZs_gIJ7y2D7oYK8/getUpdates "HTTP/1.1 200 OK"
2025-12-11 11:15:03,951 - httpx - INFO - HTTP Request: POST https://api.telegram.org/bot8437498731:AAFU6_v8gc-yi4AuMJLsZs_gIJ7y2D7oYK8/sendMessage "HTTP/1.1 200 OK"
2025-12-11 11:15:06,706 - httpx - INFO - HTTP Request: POST https://api.telegram.org/bot8437498731:AAFU6_v8gc-yi4AuMJLsZs_gIJ7y2D7oYK8/getUpdates "HTTP/1.1 200 OK"
2025-12-11 11:15:06,775 - httpx - INFO - HTTP Request: POST https://api.telegram.org/bot8437498731:AAFU6_v8gc-yi4AuMJLsZs_gIJ7y2D7oYK8/sendMessage "HTTP/1.1 200 OK"
2025-12-11 11:15:08,929 - httpx - INFO - HTTP Request: POST https://api.telegram.org/bot8437498731:AAFU6_v8gc-yi4AuMJLsZs_gIJ7y2D7oYK8/getUpdates "HTTP/1.1 200 OK"
2025-12-11 11:15:08,966 - httpx - INFO - HTTP Request: POST https://api.telegram.org/bot8437498731:AAFU6_v8gc-yi4AuMJLsZs_gIJ7y2D7oYK8/sendMessage "HTTP/1.1 200 OK"
2025-12-11 11:15:10,446 - httpx - INFO - HTTP Request: POST https://api.telegram.org/bot8437498731:AAFU6_v8gc-yi4AuMJLsZs_gIJ7y2D7oYK8/getUpdates "HTTP/1.1 200 OK"
2025-12-11 11:15:10,503 - httpx - INFO - HTTP Request: POST https://api.telegram.org/bot8437498731:AAFU6_v8gc-yi4AuMJLsZs_gIJ7y2D7oYK8/sendMessage "HTTP/1.1 200 OK"
2025-12-11 11:15:12,060 - httpx - INFO - HTTP Request: POST https://api.telegram.org/bot8437498731:AAFU6_v8gc-yi4AuMJLsZs_gIJ7y2D7oYK8/getUpdates "HTTP/1.1 200 OK"
2025-12-11 11:15:12,149 - httpx - INFO - HTTP Request: POST https://api.telegram.org/bot8437498731:AAFU6_v8gc-yi4AuMJLsZs_gIJ7y2D7oYK8/sendMessage "HTTP/1.1 200 OK"
2025-12-11 11:15:13,859 - httpx - INFO - HTTP Request: POST https://api.telegram.org/bot8437498731:AAFU6_v8gc-yi4AuMJLsZs_gIJ7y2D7oYK8/getUpdates "HTTP/1.1 200 OK"
2025-12-11 11:15:13,936 - httpx - INFO - HTTP Request: POST https://api.telegram.org/bot8437498731:AAFU6_v8gc-yi4AuMJLsZs_gIJ7y2D7oYK8/sendMessage "HTTP/1.1 200 OK"
2025-12-11 11:15:21,198 - httpx - INFO - HTTP Request: POST https://api.telegram.org/bot8437498731:AAFU6_v8gc-yi4AuMJLsZs_gIJ7y2D7oYK8/getUpdates "HTTP/1.1 200 OK"
2025-12-11 11:15:21,280 - httpx - INFO - HTTP Request: POST https://api.telegram.org/bot8437498731:AAFU6_v8gc-yi4AuMJLsZs_gIJ7y2D7oYK8/sendMessage "HTTP/1.1 200 OK"
2025-12-11 11:15:22,103 - httpx - INFO - HTTP Request: POST https://api.telegram.org/bot8437498731:AAFU6_v8gc-yi4AuMJLsZs_gIJ7y2D7oYK8/getUpdates "HTTP/1.1 200 OK"
2025-12-11 11:15:22,153 - httpx - INFO - HTTP Request: POST https://api.telegram.org/bot8437498731:AAFU6_v8gc-yi4AuMJLsZs_gIJ7y2D7oYK8/sendMessage "HTTP/1.1 200 OK"
2025-12-11 11:15:22,910 - httpx - INFO - HTTP Request: POST https://api.telegram.org/bot8437498731:AAFU6_v8gc-yi4AuMJLsZs_gIJ7y2D7oYK8/getUpdates "HTTP/1.1 200 OK"
2025-12-11 11:15:22,953 - httpx - INFO - HTTP Request: POST https://api.telegram.org/bot8437498731:AAFU6_v8gc-yi4AuMJLsZs_gIJ7y2D7oYK8/sendMessage "HTTP/1.1 200 OK"
2025-12-11 11:15:23,784 - httpx - INFO - HTTP Request: POST https://api.telegram.org/bot8437498731:AAFU6_v8gc-yi4AuMJLsZs_gIJ7y2D7oYK8/getUpdates "HTTP/1.1 200 OK"
2025-12-11 11:15:23,833 - httpx - INFO - HTTP Request: POST https://api.telegram.org/bot8437498731:AAFU6_v8gc-yi4AuMJLsZs_gIJ7y2D7oYK8/sendMessage "HTTP/1.1 200 OK"
2025-12-11 11:15:25,191 - httpx - INFO - HTTP Request: POST https://api.telegram.org/bot8437498731:AAFU6_v8gc-yi4AuMJLsZs_gIJ7y2D7oYK8/getUpdates "HTTP/1.1 200 OK"
2025-12-11 11:15:25,255 - httpx - INFO - HTTP Request: POST https://api.telegram.org/bot8437498731:AAFU6_v8gc-yi4AuMJLsZs_gIJ7y2D7oYK8/sendMessage "HTTP/1.1 200 OK"
2025-12-11 11:15:26,812 - httpx - INFO - HTTP Request: POST https://api.telegram.org/bot8437498731:AAFU6_v8gc-yi4AuMJLsZs_gIJ7y2D7oYK8/getUpdates "HTTP/1.1 200 OK"
2025-12-11 11:15:26,895 - httpx - INFO - HTTP Request: POST https://api.telegram.org/bot8437498731:AAFU6_v8gc-yi4AuMJLsZs_gIJ7y2D7oYK8/sendDocument "HTTP/1.1 200 OK"
2025-12-11 11:15:26,947 - httpx - INFO - HTTP Request: POST https://api.telegram.org/bot8437498731:AAFU6_v8gc-yi4AuMJLsZs_gIJ7y2D7oYK8/sendMessage "HTTP/1.1 200 OK"
2025-12-11 11:15:36,832 - httpx - INFO - HTTP Request: POST https://api.telegram.org/bot8437498731:AAFU6_v8gc-yi4AuMJLsZs_gIJ7y2D7oYK8/getUpdates "HTTP/1.1 200 OK"
2025-12-11 11:15:43,859 - httpx - INFO - HTTP Request: POST https://api.telegram.org/bot8437498731:AAFU6_v8gc-yi4AuMJLsZs_gIJ7y2D7oYK8/getUpdates "HTTP/1.1 200 OK"
2025-12-11 11:15:44,049 - httpx - INFO - HTTP Request: POST https://api.telegram.org/bot8437498731:AAFU6_v8gc-yi4AuMJLsZs_gIJ7y2D7oYK8/sendMessage "HTTP/1.1 200 OK"
2025-12-11 11:15:53,889 - httpx - INFO - HTTP Request: POST https://api.telegram.org/bot8437498731:AAFU6_v8gc-yi4AuMJLsZs_gIJ7y2D7oYK8/getUpdates "HTTP/1.1 200 OK"
2025-12-11 11:16:03,916 - httpx - INFO - HTTP Request: POST https://api.telegram.org/bot8437498731:AAFU6_v8gc-yi4AuMJLsZs_gIJ7y2D7oYK8/getUpdates "HTTP/1.1 200 OK"
2025-12-11 11:16:13,934 - httpx - INFO - HTTP Request: POST https://api.telegram.org/bot8437498731:AAFU6_v8gc-yi4AuMJLsZs_gIJ7y2D7oYK8/getUpdates "HTTP/1.1 200 OK"
2025-12-11 11:16:16,137 - httpx - INFO - HTTP Request: POST https://api.telegram.org/bot8437498731:AAFU6_v8gc-yi4AuMJLsZs_gIJ7y2D7oYK8/getUpdates "HTTP/1.1 200 OK"
2025-12-11 11:16:16,219 - httpx - INFO - HTTP Request: POST https://api.telegram.org/bot8437498731:AAFU6_v8gc-yi4AuMJLsZs_gIJ7y2D7oYK8/sendMessage "HTTP/1.1 200 OK"
2025-12-11 11:16:17,956 - httpx - INFO - HTTP Request: POST https://api.telegram.org/bot8437498731:AAFU6_v8gc-yi4AuMJLsZs_gIJ7y2D7oYK8/getUpdates "HTTP/1.1 200 OK"
2025-12-11 11:16:18,021 - httpx - INFO - HTTP Request: POST https://api.telegram.org/bot8437498731:AAFU6_v8gc-yi4AuMJLsZs_gIJ7y2D7oYK8/sendMessage "HTTP/1.1 200 OK"
2025-12-11 11:16:19,551 - httpx - INFO - HTTP Request: POST https://api.telegram.org/bot8437498731:AAFU6_v8gc-yi4AuMJLsZs_gIJ7y2D7oYK8/getUpdates "HTTP/1.1 200 OK"
2025-12-11 11:16:19,617 - httpx - INFO - HTTP Request: POST https://api.telegram.org/bot8437498731:AAFU6_v8gc-yi4AuMJLsZs_gIJ7y2D7oYK8/sendMessage "HTTP/1.1 200 OK"
2025-12-11 11:16:24,971 - httpx - INFO - HTTP Request: POST https://api.telegram.org/bot8437498731:AAFU6_v8gc-yi4AuMJLsZs_gIJ7y2D7oYK8/getUpdates "HTTP/1.1 200 OK"
2025-12-11 11:16:25,104 - httpx - INFO - HTTP Request: POST https://api.telegram.org/bot8437498731:AAFU6_v8gc-yi4AuMJLsZs_gIJ7y2D7oYK8/sendMessage "HTTP/1.1 200 OK"
2025-12-11 11:16:27,201 - httpx - INFO - HTTP Request: POST https://api.telegram.org/bot8437498731:AAFU6_v8gc-yi4AuMJLsZs_gIJ7y2D7oYK8/getUpdates "HTTP/1.1 200 OK"
2025-12-11 11:16:27,243 - httpx - INFO - HTTP Request: POST https://api.telegram.org/bot8437498731:AAFU6_v8gc-yi4AuMJLsZs_gIJ7y2D7oYK8/sendMessage "HTTP/1.1 200 OK"
2025-12-11 11:16:28,663 - httpx - INFO - HTTP Request: POST https://api.telegram.org/bot8437498731:AAFU6_v8gc-yi4AuMJLsZs_gIJ7y2D7oYK8/getUpdates "HTTP/1.1 200 OK"
2025-12-11 11:16:28,711 - httpx - INFO - HTTP Request: POST https://api.telegram.org/bot8437498731:AAFU6_v8gc-yi4AuMJLsZs_gIJ7y2D7oYK8/sendMessage "HTTP/1.1 200 OK"
2025-12-11 11:16:29,579 - httpx - INFO - HTTP Request: POST https://api.telegram.org/bot8437498731:AAFU6_v8gc-yi4AuMJLsZs_gIJ7y2D7oYK8/getUpdates "HTTP/1.1 200 OK"
2025-12-11 11:16:29,648 - httpx - INFO - HTTP Request: POST https://api.telegram.org/bot8437498731:AAFU6_v8gc-yi4AuMJLsZs_gIJ7y2D7oYK8/sendMessage "HTTP/1.1 200 OK"
2025-12-11 11:16:30,702 - httpx - INFO - HTTP Request: POST https://api.telegram.org/bot8437498731:AAFU6_v8gc-yi4AuMJLsZs_gIJ7y2D7oYK8/getUpdates "HTTP/1.1 200 OK"
2025-12-11 11:16:30,756 - httpx - INFO - HTTP Request: POST https://api.telegram.org/bot8437498731:AAFU6_v8gc-yi4AuMJLsZs_gIJ7y2D7oYK8/sendMessage "HTTP/1.1 200 OK"
2025-12-11 11:16:32,284 - httpx - INFO - HTTP Request: POST https://api.telegram.org/bot8437498731:AAFU6_v8gc-yi4AuMJLsZs_gIJ7y2D7oYK8/getUpdates "HTTP/1.1 200 OK"
2025-12-11 11:16:32,338 - httpx - INFO - HTTP Request: POST https://api.telegram.org/bot8437498731:AAFU6_v8gc-yi4AuMJLsZs_gIJ7y2D7oYK8/sendMessage "HTTP/1.1 200 OK"
2025-12-11 11:16:34,637 - httpx - INFO - HTTP Request: POST https://api.telegram.org/bot8437498731:AAFU6_v8gc-yi4AuMJLsZs_gIJ7y2D7oYK8/getUpdates "HTTP/1.1 200 OK"
2025-12-11 11:16:34,740 - httpx - INFO - HTTP Request: POST https://api.telegram.org/bot8437498731:AAFU6_v8gc-yi4AuMJLsZs_gIJ7y2D7oYK8/sendMessage "HTTP/1.1 200 OK"
2025-12-11 11:16:35,852 - httpx - INFO - HTTP Request: POST https://api.telegram.org/bot8437498731:AAFU6_v8gc-yi4AuMJLsZs_gIJ7y2D7oYK8/getUpdates "HTTP/1.1 200 OK"
2025-12-11 11:16:35,898 - httpx - INFO - HTTP Request: POST https://api.telegram.org/bot8437498731:AAFU6_v8gc-yi4AuMJLsZs_gIJ7y2D7oYK8/sendMessage "HTTP/1.1 200 OK"
2025-12-11 11:16:37,043 - httpx - INFO - HTTP Request: POST https://api.telegram.org/bot8437498731:AAFU6_v8gc-yi4AuMJLsZs_gIJ7y2D7oYK8/getUpdates "HTTP/1.1 200 OK"
2025-12-11 11:16:37,090 - httpx - INFO - HTTP Request: POST https://api.telegram.org/bot8437498731:AAFU6_v8gc-yi4AuMJLsZs_gIJ7y2D7oYK8/sendMessage "HTTP/1.1 200 OK"
2025-12-11 11:16:38,338 - httpx - INFO - HTTP Request: POST https://api.telegram.org/bot8437498731:AAFU6_v8gc-yi4AuMJLsZs_gIJ7y2D7oYK8/getUpdates "HTTP/1.1 200 OK"
2025-12-11 11:16:38,381 - httpx - INFO - HTTP Request: POST https://api.telegram.org/bot8437498731:AAFU6_v8gc-yi4AuMJLsZs_gIJ7y2D7oYK8/sendMessage "HTTP/1.1 200 OK"
2025-12-11 11:16:39,996 - httpx - INFO - HTTP Request: POST https://api.telegram.org/bot8437498731:AAFU6_v8gc-yi4AuMJLsZs_gIJ7y2D7oYK8/getUpdates "HTTP/1.1 200 OK"
2025-12-11 11:16:40,081 - httpx - INFO - HTTP Request: POST https://api.telegram.org/bot8437498731:AAFU6_v8gc-yi4AuMJLsZs_gIJ7y2D7oYK8/sendMessage "HTTP/1.1 200 OK"
2025-12-11 11:16:42,089 - httpx - INFO - HTTP Request: POST https://api.telegram.org/bot8437498731:AAFU6_v8gc-yi4AuMJLsZs_gIJ7y2D7oYK8/getUpdates "HTTP/1.1 200 OK"
2025-12-11 11:16:42,207 - httpx - INFO - HTTP Request: POST https://api.telegram.org/bot8437498731:AAFU6_v8gc-yi4AuMJLsZs_gIJ7y2D7oYK8/sendMessage "HTTP/1.1 200 OK"
2025-12-11 11:16:43,269 - httpx - INFO - HTTP Request: POST https://api.telegram.org/bot8437498731:AAFU6_v8gc-yi4AuMJLsZs_gIJ7y2D7oYK8/getUpdates "HTTP/1.1 200 OK"
2025-12-11 11:16:43,333 - httpx - INFO - HTTP Request: POST https://api.telegram.org/bot8437498731:AAFU6_v8gc-yi4AuMJLsZs_gIJ7y2D7oYK8/sendMessage "HTTP/1.1 200 OK"
2025-12-11 11:16:44,391 - httpx - INFO - HTTP Request: POST https://api.telegram.org/bot8437498731:AAFU6_v8gc-yi4AuMJLsZs_gIJ7y2D7oYK8/getUpdates "HTTP/1.1 200 OK"
2025-12-11 11:16:44,458 - httpx - INFO - HTTP Request: POST https://api.telegram.org/bot8437498731:AAFU6_v8gc-yi4AuMJLsZs_gIJ7y2D7oYK8/sendMessage "HTTP/1.1 200 OK"
2025-12-11 11:16:45,619 - httpx - INFO - HTTP Request: POST https://api.telegram.org/bot8437498731:AAFU6_v8gc-yi4AuMJLsZs_gIJ7y2D7oYK8/getUpdates "HTTP/1.1 200 OK"
2025-12-11 11:16:45,668 - httpx - INFO - HTTP Request: POST https://api.telegram.org/bot8437498731:AAFU6_v8gc-yi4AuMJLsZs_gIJ7y2D7oYK8/sendMessage "HTTP/1.1 200 OK"
2025-12-11 11:16:46,878 - httpx - INFO - HTTP Request: POST https://api.telegram.org/bot8437498731:AAFU6_v8gc-yi4AuMJLsZs_gIJ7y2D7oYK8/getUpdates "HTTP/1.1 200 OK"
2025-12-11 11:16:46,949 - httpx - INFO - HTTP Request: POST https://api.telegram.org/bot8437498731:AAFU6_v8gc-yi4AuMJLsZs_gIJ7y2D7oYK8/sendMessage "HTTP/1.1 200 OK"
2025-12-11 11:16:47,794 - httpx - INFO - HTTP Request: POST https://api.telegram.org/bot8437498731:AAFU6_v8gc-yi4AuMJLsZs_gIJ7y2D7oYK8/getUpdates "HTTP/1.1 200 OK"
2025-12-11 11:16:47,892 - httpx - INFO - HTTP Request: POST https://api.telegram.org/bot8437498731:AAFU6_v8gc-yi4AuMJLsZs_gIJ7y2D7oYK8/sendDocument "HTTP/1.1 200 OK"
2025-12-11 11:16:47,956 - httpx - INFO - HTTP Request: POST https://api.telegram.org/bot8437498731:AAFU6_v8gc-yi4AuMJLsZs_gIJ7y2D7oYK8/sendMessage "HTTP/1.1 200 OK"
2025-12-11 11:16:50,286 - httpx - INFO - HTTP Request: POST https://api.telegram.org/bot8437498731:AAFU6_v8gc-yi4AuMJLsZs_gIJ7y2D7oYK8/getUpdates "HTTP/1.1 200 OK"
2025-12-11 11:16:50,351 - httpx - INFO - HTTP Request: POST https://api.telegram.org/bot8437498731:AAFU6_v8gc-yi4AuMJLsZs_gIJ7y2D7oYK8/sendMessage "HTTP/1.1 200 OK"
2025-12-11 11:16:58,823 - httpx - INFO - HTTP Request: POST https://api.telegram.org/bot8437498731:AAFU6_v8gc-yi4AuMJLsZs_gIJ7y2D7oYK8/getUpdates "HTTP/1.1 200 OK"
2025-12-11 11:16:58,905 - httpx - INFO - HTTP Request: POST https://api.telegram.org/bot8437498731:AAFU6_v8gc-yi4AuMJLsZs_gIJ7y2D7oYK8/sendMessage "HTTP/1.1 200 OK"
2025-12-11 11:17:00,163 - httpx - INFO - HTTP Request: POST https://api.telegram.org/bot8437498731:AAFU6_v8gc-yi4AuMJLsZs_gIJ7y2D7oYK8/getUpdates "HTTP/1.1 200 OK"
2025-12-11 11:17:00,217 - httpx - INFO - HTTP Request: POST https://api.telegram.org/bot8437498731:AAFU6_v8gc-yi4AuMJLsZs_gIJ7y2D7oYK8/sendMessage "HTTP/1.1 200 OK"
2025-12-11 11:17:10,188 - httpx - INFO - HTTP Request: POST https://api.telegram.org/bot8437498731:AAFU6_v8gc-yi4AuMJLsZs_gIJ7y2D7oYK8/getUpdates "HTTP/1.1 200 OK"
2025-12-11 11:17:20,205 - httpx - INFO - HTTP Request: POST https://api.telegram.org/bot8437498731:AAFU6_v8gc-yi4AuMJLsZs_gIJ7y2D7oYK8/getUpdates "HTTP/1.1 200 OK"
2025-12-11 11:17:30,223 - httpx - INFO - HTTP Request: POST https://api.telegram.org/bot8437498731:AAFU6_v8gc-yi4AuMJLsZs_gIJ7y2D7oYK8/getUpdates "HTTP/1.1 200 OK"
2025-12-11 11:17:40,243 - httpx - INFO - HTTP Request: POST https://api.telegram.org/bot8437498731:AAFU6_v8gc-yi4AuMJLsZs_gIJ7y2D7oYK8/getUpdates "HTTP/1.1 200 OK"
2025-12-11 11:17:47,897 - httpx - INFO - HTTP Request: POST https://api.telegram.org/bot8437498731:AAFU6_v8gc-yi4AuMJLsZs_gIJ7y2D7oYK8/getUpdates "HTTP/1.1 200 OK"
2025-12-11 11:17:47,986 - httpx - INFO - HTTP Request: POST https://api.telegram.org/bot8437498731:AAFU6_v8gc-yi4AuMJLsZs_gIJ7y2D7oYK8/sendMessage "HTTP/1.1 200 OK"
2025-12-11 11:17:57,928 - httpx - INFO - HTTP Request: POST https://api.telegram.org/bot8437498731:AAFU6_v8gc-yi4AuMJLsZs_gIJ7y2D7oYK8/getUpdates "HTTP/1.1 200 OK"
2025-12-11 11:18:05,105 - httpx - INFO - HTTP Request: POST https://api.telegram.org/bot8437498731:AAFU6_v8gc-yi4AuMJLsZs_gIJ7y2D7oYK8/getUpdates "HTTP/1.1 200 OK"
2025-12-11 11:18:05,212 - httpx - INFO - HTTP Request: POST https://api.telegram.org/bot8437498731:AAFU6_v8gc-yi4AuMJLsZs_gIJ7y2D7oYK8/sendMessage "HTTP/1.1 200 OK"
2025-12-11 11:18:05,896 - httpx - INFO - HTTP Request: POST https://api.telegram.org/bot8437498731:AAFU6_v8gc-yi4AuMJLsZs_gIJ7y2D7oYK8/getUpdates "HTTP/1.1 200 OK"
2025-12-11 11:18:05,935 - httpx - INFO - HTTP Request: POST https://api.telegram.org/bot8437498731:AAFU6_v8gc-yi4AuMJLsZs_gIJ7y2D7oYK8/sendMessage "HTTP/1.1 200 OK"
2025-12-11 11:18:06,781 - httpx - INFO - HTTP Request: POST https://api.telegram.org/bot8437498731:AAFU6_v8gc-yi4AuMJLsZs_gIJ7y2D7oYK8/getUpdates "HTTP/1.1 200 OK"
2025-12-11 11:18:06,822 - httpx - INFO - HTTP Request: POST https://api.telegram.org/bot8437498731:AAFU6_v8gc-yi4AuMJLsZs_gIJ7y2D7oYK8/sendMessage "HTTP/1.1 200 OK"
2025-12-11 11:18:07,619 - httpx - INFO - HTTP Request: POST https://api.telegram.org/bot8437498731:AAFU6_v8gc-yi4AuMJLsZs_gIJ7y2D7oYK8/getUpdates "HTTP/1.1 200 OK"
2025-12-11 11:18:07,663 - httpx - INFO - HTTP Request: POST https://api.telegram.org/bot8437498731:AAFU6_v8gc-yi4AuMJLsZs_gIJ7y2D7oYK8/sendMessage "HTTP/1.1 200 OK"
2025-12-11 11:18:08,369 - httpx - INFO - HTTP Request: POST https://api.telegram.org/bot8437498731:AAFU6_v8gc-yi4AuMJLsZs_gIJ7y2D7oYK8/getUpdates "HTTP/1.1 200 OK"
2025-12-11 11:18:08,433 - httpx - INFO - HTTP Request: POST https://api.telegram.org/bot8437498731:AAFU6_v8gc-yi4AuMJLsZs_gIJ7y2D7oYK8/sendMessage "HTTP/1.1 200 OK"
2025-12-11 11:18:09,383 - httpx - INFO - HTTP Request: POST https://api.telegram.org/bot8437498731:AAFU6_v8gc-yi4AuMJLsZs_gIJ7y2D7oYK8/getUpdates "HTTP/1.1 200 OK"
2025-12-11 11:18:09,476 - httpx - INFO - HTTP Request: POST https://api.telegram.org/bot8437498731:AAFU6_v8gc-yi4AuMJLsZs_gIJ7y2D7oYK8/sendDocument "HTTP/1.1 200 OK"
2025-12-11 11:18:09,530 - httpx - INFO - HTTP Request: POST https://api.telegram.org/bot8437498731:AAFU6_v8gc-yi4AuMJLsZs_gIJ7y2D7oYK8/sendMessage "HTTP/1.1 200 OK"
2025-12-11 11:18:10,430 - httpx - INFO - HTTP Request: POST https://api.telegram.org/bot8437498731:AAFU6_v8gc-yi4AuMJLsZs_gIJ7y2D7oYK8/getUpdates "HTTP/1.1 200 OK"
2025-12-11 11:18:10,471 - httpx - INFO - HTTP Request: POST https://api.telegram.org/bot8437498731:AAFU6_v8gc-yi4AuMJLsZs_gIJ7y2D7oYK8/sendMessage "HTTP/1.1 200 OK"
2025-12-11 11:18:20,455 - httpx - INFO - HTTP Request: POST https://api.telegram.org/bot8437498731:AAFU6_v8gc-yi4AuMJLsZs_gIJ7y2D7oYK8/getUpdates "HTTP/1.1 200 OK"
2025-12-11 11:18:29,447 - httpx - INFO - HTTP Request: POST https://api.telegram.org/bot8437498731:AAFU6_v8gc-yi4AuMJLsZs_gIJ7y2D7oYK8/getUpdates "HTTP/1.1 200 OK"
2025-12-11 11:18:29,543 - httpx - INFO - HTTP Request: POST https://api.telegram.org/bot8437498731:AAFU6_v8gc-yi4AuMJLsZs_gIJ7y2D7oYK8/sendMessage "HTTP/1.1 200 OK"
2025-12-11 11:18:32,155 - httpx - INFO - HTTP Request: POST https://api.telegram.org/bot8437498731:AAFU6_v8gc-yi4AuMJLsZs_gIJ7y2D7oYK8/getUpdates "HTTP/1.1 200 OK"
2025-12-11 11:18:32,198 - httpx - INFO - HTTP Request: POST https://api.telegram.org/bot8437498731:AAFU6_v8gc-yi4AuMJLsZs_gIJ7y2D7oYK8/sendMessage "HTTP/1.1 200 OK"
2025-12-11 11:18:42,183 - httpx - INFO - HTTP Request: POST https://api.telegram.org/bot8437498731:AAFU6_v8gc-yi4AuMJLsZs_gIJ7y2D7oYK8/getUpdates "HTTP/1.1 200 OK"
2025-12-11 11:18:52,202 - httpx - INFO - HTTP Request: POST https://api.telegram.org/bot8437498731:AAFU6_v8gc-yi4AuMJLsZs_gIJ7y2D7oYK8/getUpdates "HTTP/1.1 200 OK"
2025-12-11 11:19:02,220 - httpx - INFO - HTTP Request: POST https://api.telegram.org/bot8437498731:AAFU6_v8gc-yi4AuMJLsZs_gIJ7y2D7oYK8/getUpdates "HTTP/1.1 200 OK"
2025-12-11 11:19:12,238 - httpx - INFO - HTTP Request: POST https://api.telegram.org/bot8437498731:AAFU6_v8gc-yi4AuMJLsZs_gIJ7y2D7oYK8/getUpdates "HTTP/1.1 200 OK"
2025-12-11 11:19:22,257 - httpx - INFO - HTTP Request: POST https://api.telegram.org/bot8437498731:AAFU6_v8gc-yi4AuMJLsZs_gIJ7y2D7oYK8/getUpdates "HTTP/1.1 200 OK"
2025-12-11 11:19:32,275 - httpx - INFO - HTTP Request: POST https://api.telegram.org/bot8437498731:AAFU6_v8gc-yi4AuMJLsZs_gIJ7y2D7oYK8/getUpdates "HTTP/1.1 200 OK"
2025-12-11 11:19:42,293 - httpx - INFO - HTTP Request: POST https://api.telegram.org/bot8437498731:AAFU6_v8gc-yi4AuMJLsZs_gIJ7y2D7oYK8/getUpdates "HTTP/1.1 200 OK"
2025-12-11 11:19:52,314 - httpx - INFO - HTTP Request: POST https://api.telegram.org/bot8437498731:AAFU6_v8gc-yi4AuMJLsZs_gIJ7y2D7oYK8/getUpdates "HTTP/1.1 200 OK"
2025-12-11 11:20:02,330 - httpx - INFO - HTTP Request: POST https://api.telegram.org/bot8437498731:AAFU6_v8gc-yi4AuMJLsZs_gIJ7y2D7oYK8/getUpdates "HTTP/1.1 200 OK"
2025-12-11 11:20:12,350 - httpx - INFO - HTTP Request: POST https://api.telegram.org/bot8437498731:AAFU6_v8gc-yi4AuMJLsZs_gIJ7y2D7oYK8/getUpdates "HTTP/1.1 200 OK"
2025-12-11 11:20:13,446 - httpx - INFO - HTTP Request: POST https://api.telegram.org/bot8437498731:AAFU6_v8gc-yi4AuMJLsZs_gIJ7y2D7oYK8/getUpdates "HTTP/1.1 200 OK"
2025-12-11 11:20:23,463 - httpx - INFO - HTTP Request: POST https://api.telegram.org/bot8437498731:AAFU6_v8gc-yi4AuMJLsZs_gIJ7y2D7oYK8/getUpdates "HTTP/1.1 200 OK"
2025-12-11 11:20:32,043 - httpx - INFO - HTTP Request: POST https://api.telegram.org/bot8437498731:AAFU6_v8gc-yi4AuMJLsZs_gIJ7y2D7oYK8/getUpdates "HTTP/1.1 200 OK"
2025-12-11 11:20:42,061 - httpx - INFO - HTTP Request: POST https://api.telegram.org/bot8437498731:AAFU6_v8gc-yi4AuMJLsZs_gIJ7y2D7oYK8/getUpdates "HTTP/1.1 200 OK"
2025-12-11 11:20:52,081 - httpx - INFO - HTTP Request: POST https://api.telegram.org/bot8437498731:AAFU6_v8gc-yi4AuMJLsZs_gIJ7y2D7oYK8/getUpdates "HTTP/1.1 200 OK"
2025-12-11 11:21:02,100 - httpx - INFO - HTTP Request: POST https://api.telegram.org/bot8437498731:AAFU6_v8gc-yi4AuMJLsZs_gIJ7y2D7oYK8/getUpdates "HTTP/1.1 200 OK"
2025-12-11 11:21:12,117 - httpx - INFO - HTTP Request: POST https://api.telegram.org/bot8437498731:AAFU6_v8gc-yi4AuMJLsZs_gIJ7y2D7oYK8/getUpdates "HTTP/1.1 200 OK"
2025-12-11 11:21:22,136 - httpx - INFO - HTTP Request: POST https://api.telegram.org/bot8437498731:AAFU6_v8gc-yi4AuMJLsZs_gIJ7y2D7oYK8/getUpdates "HTTP/1.1 200 OK"
2025-12-11 11:21:32,156 - httpx - INFO - HTTP Request: POST https://api.telegram.org/bot8437498731:AAFU6_v8gc-yi4AuMJLsZs_gIJ7y2D7oYK8/getUpdates "HTTP/1.1 200 OK"
2025-12-11 11:21:40,316 - httpx - INFO - HTTP Request: POST https://api.telegram.org/bot8437498731:AAFU6_v8gc-yi4AuMJLsZs_gIJ7y2D7oYK8/getUpdates "HTTP/1.1 200 OK"
2025-12-11 11:21:40,401 - httpx - INFO - HTTP Request: POST https://api.telegram.org/bot8437498731:AAFU6_v8gc-yi4AuMJLsZs_gIJ7y2D7oYK8/sendMessage "HTTP/1.1 200 OK"
2025-12-11 11:21:43,191 - httpx - INFO - HTTP Request: POST https://api.telegram.org/bot8437498731:AAFU6_v8gc-yi4AuMJLsZs_gIJ7y2D7oYK8/getUpdates "HTTP/1.1 200 OK"
2025-12-11 11:21:43,243 - httpx - INFO - HTTP Request: POST https://api.telegram.org/bot8437498731:AAFU6_v8gc-yi4AuMJLsZs_gIJ7y2D7oYK8/sendMessage "HTTP/1.1 200 OK"
2025-12-11 11:21:50,547 - httpx - INFO - HTTP Request: POST https://api.telegram.org/bot8437498731:AAFU6_v8gc-yi4AuMJLsZs_gIJ7y2D7oYK8/getUpdates "HTTP/1.1 200 OK"
2025-12-11 11:21:50,619 - httpx - INFO - HTTP Request: POST https://api.telegram.org/bot8437498731:AAFU6_v8gc-yi4AuMJLsZs_gIJ7y2D7oYK8/sendMessage "HTTP/1.1 200 OK"
2025-12-11 11:22:00,571 - httpx - INFO - HTTP Request: POST https://api.telegram.org/bot8437498731:AAFU6_v8gc-yi4AuMJLsZs_gIJ7y2D7oYK8/getUpdates "HTTP/1.1 200 OK"
2025-12-11 11:22:00,842 - httpx - INFO - HTTP Request: POST https://api.telegram.org/bot8437498731:AAFU6_v8gc-yi4AuMJLsZs_gIJ7y2D7oYK8/getUpdates "HTTP/1.1 200 OK"
2025-12-11 11:22:10,864 - httpx - INFO - HTTP Request: POST https://api.telegram.org/bot8437498731:AAFU6_v8gc-yi4AuMJLsZs_gIJ7y2D7oYK8/getUpdates "HTTP/1.1 200 OK"
2025-12-11 11:22:20,898 - httpx - INFO - HTTP Request: POST https://api.telegram.org/bot8437498731:AAFU6_v8gc-yi4AuMJLsZs_gIJ7y2D7oYK8/getUpdates "HTTP/1.1 200 OK"
2025-12-11 11:22:21,810 - httpx - INFO - HTTP Request: POST https://api.telegram.org/bot8437498731:AAFU6_v8gc-yi4AuMJLsZs_gIJ7y2D7oYK8/getUpdates "HTTP/1.1 200 OK"
2025-12-11 11:22:21,890 - httpx - INFO - HTTP Request: POST https://api.telegram.org/bot8437498731:AAFU6_v8gc-yi4AuMJLsZs_gIJ7y2D7oYK8/sendMessage "HTTP/1.1 200 OK"
2025-12-11 11:22:24,672 - httpx - INFO - HTTP Request: POST https://api.telegram.org/bot8437498731:AAFU6_v8gc-yi4AuMJLsZs_gIJ7y2D7oYK8/getUpdates "HTTP/1.1 200 OK"
2025-12-11 11:22:24,733 - httpx - INFO - HTTP Request: POST https://api.telegram.org/bot8437498731:AAFU6_v8gc-yi4AuMJLsZs_gIJ7y2D7oYK8/sendMessage "HTTP/1.1 200 OK"
2025-12-11 11:22:26,847 - httpx - INFO - HTTP Request: POST https://api.telegram.org/bot8437498731:AAFU6_v8gc-yi4AuMJLsZs_gIJ7y2D7oYK8/getUpdates "HTTP/1.1 200 OK"
2025-12-11 11:22:26,895 - httpx - INFO - HTTP Request: POST https://api.telegram.org/bot8437498731:AAFU6_v8gc-yi4AuMJLsZs_gIJ7y2D7oYK8/sendMessage "HTTP/1.1 200 OK"
2025-12-11 11:22:34,954 - httpx - INFO - HTTP Request: POST https://api.telegram.org/bot8437498731:AAFU6_v8gc-yi4AuMJLsZs_gIJ7y2D7oYK8/getUpdates "HTTP/1.1 200 OK"
2025-12-11 11:22:35,169 - httpx - INFO - HTTP Request: POST https://api.telegram.org/bot8437498731:AAFU6_v8gc-yi4AuMJLsZs_gIJ7y2D7oYK8/sendMessage "HTTP/1.1 200 OK"
2025-12-11 11:22:37,036 - httpx - INFO - HTTP Request: POST https://api.telegram.org/bot8437498731:AAFU6_v8gc-yi4AuMJLsZs_gIJ7y2D7oYK8/getUpdates "HTTP/1.1 200 OK"
2025-12-11 11:22:37,077 - httpx - INFO - HTTP Request: POST https://api.telegram.org/bot8437498731:AAFU6_v8gc-yi4AuMJLsZs_gIJ7y2D7oYK8/sendMessage "HTTP/1.1 200 OK"
2025-12-11 11:22:38,463 - httpx - INFO - HTTP Request: POST https://api.telegram.org/bot8437498731:AAFU6_v8gc-yi4AuMJLsZs_gIJ7y2D7oYK8/getUpdates "HTTP/1.1 200 OK"
2025-12-11 11:22:38,524 - httpx - INFO - HTTP Request: POST https://api.telegram.org/bot8437498731:AAFU6_v8gc-yi4AuMJLsZs_gIJ7y2D7oYK8/sendMessage "HTTP/1.1 200 OK"
2025-12-11 11:22:41,368 - httpx - INFO - HTTP Request: POST https://api.telegram.org/bot8437498731:AAFU6_v8gc-yi4AuMJLsZs_gIJ7y2D7oYK8/getUpdates "HTTP/1.1 200 OK"
2025-12-11 11:22:41,404 - httpx - INFO - HTTP Request: POST https://api.telegram.org/bot8437498731:AAFU6_v8gc-yi4AuMJLsZs_gIJ7y2D7oYK8/sendMessage "HTTP/1.1 200 OK"
2025-12-11 11:22:42,752 - httpx - INFO - HTTP Request: POST https://api.telegram.org/bot8437498731:AAFU6_v8gc-yi4AuMJLsZs_gIJ7y2D7oYK8/getUpdates "HTTP/1.1 200 OK"
2025-12-11 11:22:42,797 - httpx - INFO - HTTP Request: POST https://api.telegram.org/bot8437498731:AAFU6_v8gc-yi4AuMJLsZs_gIJ7y2D7oYK8/sendMessage "HTTP/1.1 200 OK"
2025-12-11 11:22:44,472 - httpx - INFO - HTTP Request: POST https://api.telegram.org/bot8437498731:AAFU6_v8gc-yi4AuMJLsZs_gIJ7y2D7oYK8/getUpdates "HTTP/1.1 200 OK"
2025-12-11 11:22:44,544 - httpx - INFO - HTTP Request: POST https://api.telegram.org/bot8437498731:AAFU6_v8gc-yi4AuMJLsZs_gIJ7y2D7oYK8/sendMessage "HTTP/1.1 200 OK"
2025-12-11 11:22:45,331 - httpx - INFO - HTTP Request: POST https://api.telegram.org/bot8437498731:AAFU6_v8gc-yi4AuMJLsZs_gIJ7y2D7oYK8/getUpdates "HTTP/1.1 200 OK"
2025-12-11 11:22:45,377 - httpx - INFO - HTTP Request: POST https://api.telegram.org/bot8437498731:AAFU6_v8gc-yi4AuMJLsZs_gIJ7y2D7oYK8/sendMessage "HTTP/1.1 200 OK"
2025-12-11 11:22:46,776 - httpx - INFO - HTTP Request: POST https://api.telegram.org/bot8437498731:AAFU6_v8gc-yi4AuMJLsZs_gIJ7y2D7oYK8/getUpdates "HTTP/1.1 200 OK"
2025-12-11 11:22:46,832 - httpx - INFO - HTTP Request: POST https://api.telegram.org/bot8437498731:AAFU6_v8gc-yi4AuMJLsZs_gIJ7y2D7oYK8/sendMessage "HTTP/1.1 200 OK"
2025-12-11 11:22:49,429 - httpx - INFO - HTTP Request: POST https://api.telegram.org/bot8437498731:AAFU6_v8gc-yi4AuMJLsZs_gIJ7y2D7oYK8/getUpdates "HTTP/1.1 200 OK"
2025-12-11 11:22:49,471 - httpx - INFO - HTTP Request: POST https://api.telegram.org/bot8437498731:AAFU6_v8gc-yi4AuMJLsZs_gIJ7y2D7oYK8/sendMessage "HTTP/1.1 200 OK"
2025-12-11 11:22:50,785 - httpx - INFO - HTTP Request: POST https://api.telegram.org/bot8437498731:AAFU6_v8gc-yi4AuMJLsZs_gIJ7y2D7oYK8/getUpdates "HTTP/1.1 200 OK"
2025-12-11 11:22:50,838 - httpx - INFO - HTTP Request: POST https://api.telegram.org/bot8437498731:AAFU6_v8gc-yi4AuMJLsZs_gIJ7y2D7oYK8/sendMessage "HTTP/1.1 200 OK"
2025-12-11 11:22:51,870 - httpx - INFO - HTTP Request: POST https://api.telegram.org/bot8437498731:AAFU6_v8gc-yi4AuMJLsZs_gIJ7y2D7oYK8/getUpdates "HTTP/1.1 200 OK"
2025-12-11 11:22:51,913 - httpx - INFO - HTTP Request: POST https://api.telegram.org/bot8437498731:AAFU6_v8gc-yi4AuMJLsZs_gIJ7y2D7oYK8/sendMessage "HTTP/1.1 200 OK"
2025-12-11 11:22:53,253 - httpx - INFO - HTTP Request: POST https://api.telegram.org/bot8437498731:AAFU6_v8gc-yi4AuMJLsZs_gIJ7y2D7oYK8/getUpdates "HTTP/1.1 200 OK"
2025-12-11 11:22:53,295 - httpx - INFO - HTTP Request: POST https://api.telegram.org/bot8437498731:AAFU6_v8gc-yi4AuMJLsZs_gIJ7y2D7oYK8/sendMessage "HTTP/1.1 200 OK"
2025-12-11 11:22:54,215 - httpx - INFO - HTTP Request: POST https://api.telegram.org/bot8437498731:AAFU6_v8gc-yi4AuMJLsZs_gIJ7y2D7oYK8/getUpdates "HTTP/1.1 200 OK"
2025-12-11 11:22:54,287 - httpx - INFO - HTTP Request: POST https://api.telegram.org/bot8437498731:AAFU6_v8gc-yi4AuMJLsZs_gIJ7y2D7oYK8/sendMessage "HTTP/1.1 200 OK"
2025-12-11 11:23:04,246 - httpx - INFO - HTTP Request: POST https://api.telegram.org/bot8437498731:AAFU6_v8gc-yi4AuMJLsZs_gIJ7y2D7oYK8/getUpdates "HTTP/1.1 200 OK"
2025-12-11 11:23:14,266 - httpx - INFO - HTTP Request: POST https://api.telegram.org/bot8437498731:AAFU6_v8gc-yi4AuMJLsZs_gIJ7y2D7oYK8/getUpdates "HTTP/1.1 200 OK"
2025-12-11 11:23:14,504 - httpx - INFO - HTTP Request: POST https://api.telegram.org/bot8437498731:AAFU6_v8gc-yi4AuMJLsZs_gIJ7y2D7oYK8/getUpdates "HTTP/1.1 200 OK"
2025-12-11 11:23:14,614 - httpx - INFO - HTTP Request: POST https://api.telegram.org/bot8437498731:AAFU6_v8gc-yi4AuMJLsZs_gIJ7y2D7oYK8/sendDocument "HTTP/1.1 200 OK"
2025-12-11 11:23:14,655 - httpx - INFO - HTTP Request: POST https://api.telegram.org/bot8437498731:AAFU6_v8gc-yi4AuMJLsZs_gIJ7y2D7oYK8/sendMessage "HTTP/1.1 200 OK"
2025-12-11 11:23:24,053 - httpx - INFO - HTTP Request: POST https://api.telegram.org/bot8437498731:AAFU6_v8gc-yi4AuMJLsZs_gIJ7y2D7oYK8/getUpdates "HTTP/1.1 200 OK"
2025-12-11 11:23:24,128 - httpx - INFO - HTTP Request: POST https://api.telegram.org/bot8437498731:AAFU6_v8gc-yi4AuMJLsZs_gIJ7y2D7oYK8/sendMessage "HTTP/1.1 200 OK"
2025-12-11 11:23:26,652 - httpx - INFO - HTTP Request: POST https://api.telegram.org/bot8437498731:AAFU6_v8gc-yi4AuMJLsZs_gIJ7y2D7oYK8/getUpdates "HTTP/1.1 200 OK"
2025-12-11 11:23:26,727 - httpx - INFO - HTTP Request: POST https://api.telegram.org/bot8437498731:AAFU6_v8gc-yi4AuMJLsZs_gIJ7y2D7oYK8/sendMessage "HTTP/1.1 200 OK"
2025-12-11 11:23:28,220 - httpx - INFO - HTTP Request: POST https://api.telegram.org/bot8437498731:AAFU6_v8gc-yi4AuMJLsZs_gIJ7y2D7oYK8/getUpdates "HTTP/1.1 200 OK"
2025-12-11 11:23:28,263 - httpx - INFO - HTTP Request: POST https://api.telegram.org/bot8437498731:AAFU6_v8gc-yi4AuMJLsZs_gIJ7y2D7oYK8/sendMessage "HTTP/1.1 200 OK"
2025-12-11 11:23:29,659 - httpx - INFO - HTTP Request: POST https://api.telegram.org/bot8437498731:AAFU6_v8gc-yi4AuMJLsZs_gIJ7y2D7oYK8/getUpdates "HTTP/1.1 200 OK"
2025-12-11 11:23:29,702 - httpx - INFO - HTTP Request: POST https://api.telegram.org/bot8437498731:AAFU6_v8gc-yi4AuMJLsZs_gIJ7y2D7oYK8/sendMessage "HTTP/1.1 200 OK"
2025-12-11 11:23:31,003 - httpx - INFO - HTTP Request: POST https://api.telegram.org/bot8437498731:AAFU6_v8gc-yi4AuMJLsZs_gIJ7y2D7oYK8/getUpdates "HTTP/1.1 200 OK"
2025-12-11 11:23:31,069 - httpx - INFO - HTTP Request: POST https://api.telegram.org/bot8437498731:AAFU6_v8gc-yi4AuMJLsZs_gIJ7y2D7oYK8/sendMessage "HTTP/1.1 200 OK"
2025-12-11 11:23:32,777 - httpx - INFO - HTTP Request: POST https://api.telegram.org/bot8437498731:AAFU6_v8gc-yi4AuMJLsZs_gIJ7y2D7oYK8/getUpdates "HTTP/1.1 200 OK"
2025-12-11 11:23:32,877 - httpx - INFO - HTTP Request: POST https://api.telegram.org/bot8437498731:AAFU6_v8gc-yi4AuMJLsZs_gIJ7y2D7oYK8/sendMessage "HTTP/1.1 200 OK"
2025-12-11 11:23:35,759 - httpx - INFO - HTTP Request: POST https://api.telegram.org/bot8437498731:AAFU6_v8gc-yi4AuMJLsZs_gIJ7y2D7oYK8/getUpdates "HTTP/1.1 200 OK"
2025-12-11 11:23:35,801 - httpx - INFO - HTTP Request: POST https://api.telegram.org/bot8437498731:AAFU6_v8gc-yi4AuMJLsZs_gIJ7y2D7oYK8/sendMessage "HTTP/1.1 200 OK"
2025-12-11 11:23:37,386 - httpx - INFO - HTTP Request: POST https://api.telegram.org/bot8437498731:AAFU6_v8gc-yi4AuMJLsZs_gIJ7y2D7oYK8/getUpdates "HTTP/1.1 200 OK"
2025-12-11 11:23:37,468 - httpx - INFO - HTTP Request: POST https://api.telegram.org/bot8437498731:AAFU6_v8gc-yi4AuMJLsZs_gIJ7y2D7oYK8/sendMessage "HTTP/1.1 200 OK"
2025-12-11 11:23:38,254 - httpx - INFO - HTTP Request: POST https://api.telegram.org/bot8437498731:AAFU6_v8gc-yi4AuMJLsZs_gIJ7y2D7oYK8/getUpdates "HTTP/1.1 200 OK"
2025-12-11 11:23:38,303 - httpx - INFO - HTTP Request: POST https://api.telegram.org/bot8437498731:AAFU6_v8gc-yi4AuMJLsZs_gIJ7y2D7oYK8/sendMessage "HTTP/1.1 200 OK"
2025-12-11 11:23:39,234 - httpx - INFO - HTTP Request: POST https://api.telegram.org/bot8437498731:AAFU6_v8gc-yi4AuMJLsZs_gIJ7y2D7oYK8/getUpdates "HTTP/1.1 200 OK"
2025-12-11 11:23:39,293 - httpx - INFO - HTTP Request: POST https://api.telegram.org/bot8437498731:AAFU6_v8gc-yi4AuMJLsZs_gIJ7y2D7oYK8/sendMessage "HTTP/1.1 200 OK"
2025-12-11 11:23:40,315 - httpx - INFO - HTTP Request: POST https://api.telegram.org/bot8437498731:AAFU6_v8gc-yi4AuMJLsZs_gIJ7y2D7oYK8/getUpdates "HTTP/1.1 200 OK"
2025-12-11 11:23:40,372 - httpx - INFO - HTTP Request: POST https://api.telegram.org/bot8437498731:AAFU6_v8gc-yi4AuMJLsZs_gIJ7y2D7oYK8/sendMessage "HTTP/1.1 200 OK"
2025-12-11 11:23:41,669 - httpx - INFO - HTTP Request: POST https://api.telegram.org/bot8437498731:AAFU6_v8gc-yi4AuMJLsZs_gIJ7y2D7oYK8/getUpdates "HTTP/1.1 200 OK"
2025-12-11 11:23:41,796 - httpx - INFO - HTTP Request: POST https://api.telegram.org/bot8437498731:AAFU6_v8gc-yi4AuMJLsZs_gIJ7y2D7oYK8/sendMessage "HTTP/1.1 200 OK"
2025-12-11 11:23:42,919 - httpx - INFO - HTTP Request: POST https://api.telegram.org/bot8437498731:AAFU6_v8gc-yi4AuMJLsZs_gIJ7y2D7oYK8/getUpdates "HTTP/1.1 200 OK"
2025-12-11 11:23:42,968 - httpx - INFO - HTTP Request: POST https://api.telegram.org/bot8437498731:AAFU6_v8gc-yi4AuMJLsZs_gIJ7y2D7oYK8/sendMessage "HTTP/1.1 200 OK"
2025-12-11 11:23:43,931 - httpx - INFO - HTTP Request: POST https://api.telegram.org/bot8437498731:AAFU6_v8gc-yi4AuMJLsZs_gIJ7y2D7oYK8/getUpdates "HTTP/1.1 200 OK"
2025-12-11 11:23:43,971 - httpx - INFO - HTTP Request: POST https://api.telegram.org/bot8437498731:AAFU6_v8gc-yi4AuMJLsZs_gIJ7y2D7oYK8/sendMessage "HTTP/1.1 200 OK"
2025-12-11 11:23:46,297 - httpx - INFO - HTTP Request: POST https://api.telegram.org/bot8437498731:AAFU6_v8gc-yi4AuMJLsZs_gIJ7y2D7oYK8/getUpdates "HTTP/1.1 200 OK"
2025-12-11 11:23:46,344 - httpx - INFO - HTTP Request: POST https://api.telegram.org/bot8437498731:AAFU6_v8gc-yi4AuMJLsZs_gIJ7y2D7oYK8/sendMessage "HTTP/1.1 200 OK"
2025-12-11 11:23:51,669 - httpx - INFO - HTTP Request: POST https://api.telegram.org/bot8437498731:AAFU6_v8gc-yi4AuMJLsZs_gIJ7y2D7oYK8/getUpdates "HTTP/1.1 200 OK"
2025-12-11 11:23:51,775 - httpx - INFO - HTTP Request: POST https://api.telegram.org/bot8437498731:AAFU6_v8gc-yi4AuMJLsZs_gIJ7y2D7oYK8/sendMessage "HTTP/1.1 200 OK"
2025-12-11 11:23:57,997 - httpx - INFO - HTTP Request: POST https://api.telegram.org/bot8437498731:AAFU6_v8gc-yi4AuMJLsZs_gIJ7y2D7oYK8/getUpdates "HTTP/1.1 200 OK"
2025-12-11 11:23:58,179 - httpx - INFO - HTTP Request: POST https://api.telegram.org/bot8437498731:AAFU6_v8gc-yi4AuMJLsZs_gIJ7y2D7oYK8/sendDocument "HTTP/1.1 200 OK"
2025-12-11 11:23:58,251 - httpx - INFO - HTTP Request: POST https://api.telegram.org/bot8437498731:AAFU6_v8gc-yi4AuMJLsZs_gIJ7y2D7oYK8/sendMessage "HTTP/1.1 200 OK"
2025-12-11 11:24:02,409 - httpx - INFO - HTTP Request: POST https://api.telegram.org/bot8437498731:AAFU6_v8gc-yi4AuMJLsZs_gIJ7y2D7oYK8/getUpdates "HTTP/1.1 200 OK"
2025-12-11 11:24:02,466 - httpx - INFO - HTTP Request: POST https://api.telegram.org/bot8437498731:AAFU6_v8gc-yi4AuMJLsZs_gIJ7y2D7oYK8/sendMessage "HTTP/1.1 200 OK"
2025-12-11 11:24:05,669 - httpx - INFO - HTTP Request: POST https://api.telegram.org/bot8437498731:AAFU6_v8gc-yi4AuMJLsZs_gIJ7y2D7oYK8/getUpdates "HTTP/1.1 200 OK"
2025-12-11 11:24:05,719 - httpx - INFO - HTTP Request: POST https://api.telegram.org/bot8437498731:AAFU6_v8gc-yi4AuMJLsZs_gIJ7y2D7oYK8/sendMessage "HTTP/1.1 200 OK"
2025-12-11 11:24:10,540 - httpx - INFO - HTTP Request: POST https://api.telegram.org/bot8437498731:AAFU6_v8gc-yi4AuMJLsZs_gIJ7y2D7oYK8/getUpdates "HTTP/1.1 200 OK"
2025-12-11 11:24:10,616 - httpx - INFO - HTTP Request: POST https://api.telegram.org/bot8437498731:AAFU6_v8gc-yi4AuMJLsZs_gIJ7y2D7oYK8/sendDocument "HTTP/1.1 200 OK"
2025-12-11 11:24:13,724 - httpx - INFO - HTTP Request: POST https://api.telegram.org/bot8437498731:AAFU6_v8gc-yi4AuMJLsZs_gIJ7y2D7oYK8/getUpdates "HTTP/1.1 200 OK"
2025-12-11 11:24:13,805 - httpx - INFO - HTTP Request: POST https://api.telegram.org/bot8437498731:AAFU6_v8gc-yi4AuMJLsZs_gIJ7y2D7oYK8/sendDocument "HTTP/1.1 200 OK"
2025-12-11 11:24:15,746 - httpx - INFO - HTTP Request: POST https://api.telegram.org/bot8437498731:AAFU6_v8gc-yi4AuMJLsZs_gIJ7y2D7oYK8/getUpdates "HTTP/1.1 200 OK"
2025-12-11 11:24:15,810 - httpx - INFO - HTTP Request: POST https://api.telegram.org/bot8437498731:AAFU6_v8gc-yi4AuMJLsZs_gIJ7y2D7oYK8/sendMessage "HTTP/1.1 200 OK"
2025-12-11 11:24:18,685 - httpx - INFO - HTTP Request: POST https://api.telegram.org/bot8437498731:AAFU6_v8gc-yi4AuMJLsZs_gIJ7y2D7oYK8/getUpdates "HTTP/1.1 200 OK"
2025-12-11 11:24:18,741 - httpx - INFO - HTTP Request: POST https://api.telegram.org/bot8437498731:AAFU6_v8gc-yi4AuMJLsZs_gIJ7y2D7oYK8/sendMessage "HTTP/1.1 200 OK"
2025-12-11 11:24:28,709 - httpx - INFO - HTTP Request: POST https://api.telegram.org/bot8437498731:AAFU6_v8gc-yi4AuMJLsZs_gIJ7y2D7oYK8/getUpdates "HTTP/1.1 200 OK"
2025-12-11 11:24:30,366 - httpx - INFO - HTTP Request: POST https://api.telegram.org/bot8437498731:AAFU6_v8gc-yi4AuMJLsZs_gIJ7y2D7oYK8/getUpdates "HTTP/1.1 200 OK"
2025-12-11 11:24:30,450 - httpx - INFO - HTTP Request: POST https://api.telegram.org/bot8437498731:AAFU6_v8gc-yi4AuMJLsZs_gIJ7y2D7oYK8/sendMessage "HTTP/1.1 200 OK"
2025-12-11 11:24:40,394 - httpx - INFO - HTTP Request: POST https://api.telegram.org/bot8437498731:AAFU6_v8gc-yi4AuMJLsZs_gIJ7y2D7oYK8/getUpdates "HTTP/1.1 200 OK"
2025-12-11 11:24:45,718 - httpx - INFO - HTTP Request: POST https://api.telegram.org/bot8437498731:AAFU6_v8gc-yi4AuMJLsZs_gIJ7y2D7oYK8/getUpdates "HTTP/1.1 200 OK"
2025-12-11 11:24:45,807 - httpx - INFO - HTTP Request: POST https://api.telegram.org/bot8437498731:AAFU6_v8gc-yi4AuMJLsZs_gIJ7y2D7oYK8/sendMessage "HTTP/1.1 200 OK"
2025-12-11 11:24:54,479 - httpx - INFO - HTTP Request: POST https://api.telegram.org/bot8437498731:AAFU6_v8gc-yi4AuMJLsZs_gIJ7y2D7oYK8/getUpdates "HTTP/1.1 200 OK"
2025-12-11 11:24:54,501 - httpx - INFO - HTTP Request: POST https://api.telegram.org/bot8437498731:AAFU6_v8gc-yi4AuMJLsZs_gIJ7y2D7oYK8/getUpdates "HTTP/1.1 200 OK"
2025-12-11 11:24:54,570 - httpx - INFO - HTTP Request: POST https://api.telegram.org/bot8437498731:AAFU6_v8gc-yi4AuMJLsZs_gIJ7y2D7oYK8/sendMessage "HTTP/1.1 200 OK"
2025-12-11 11:24:57,093 - httpx - INFO - HTTP Request: POST https://api.telegram.org/bot8437498731:AAFU6_v8gc-yi4AuMJLsZs_gIJ7y2D7oYK8/getUpdates "HTTP/1.1 200 OK"
2025-12-11 11:24:58,722 - httpx - INFO - HTTP Request: POST https://api.telegram.org/bot8437498731:AAFU6_v8gc-yi4AuMJLsZs_gIJ7y2D7oYK8/getUpdates "HTTP/1.1 200 OK"
2025-12-11 11:25:08,739 - httpx - INFO - HTTP Request: POST https://api.telegram.org/bot8437498731:AAFU6_v8gc-yi4AuMJLsZs_gIJ7y2D7oYK8/getUpdates "HTTP/1.1 200 OK"
2025-12-11 11:25:13,520 - httpx - INFO - HTTP Request: POST https://api.telegram.org/bot8437498731:AAFU6_v8gc-yi4AuMJLsZs_gIJ7y2D7oYK8/getUpdates "HTTP/1.1 200 OK"
2025-12-11 11:25:21,273 - httpx - INFO - HTTP Request: POST https://api.telegram.org/bot8437498731:AAFU6_v8gc-yi4AuMJLsZs_gIJ7y2D7oYK8/getUpdates "HTTP/1.1 200 OK"
2025-12-11 11:25:21,382 - httpx - INFO - HTTP Request: POST https://api.telegram.org/bot8437498731:AAFU6_v8gc-yi4AuMJLsZs_gIJ7y2D7oYK8/sendMessage "HTTP/1.1 200 OK"
2025-12-11 11:25:26,474 - httpx - INFO - HTTP Request: POST https://api.telegram.org/bot8437498731:AAFU6_v8gc-yi4AuMJLsZs_gIJ7y2D7oYK8/getUpdates "HTTP/1.1 200 OK"
2025-12-11 11:25:26,552 - httpx - INFO - HTTP Request: POST https://api.telegram.org/bot8437498731:AAFU6_v8gc-yi4AuMJLsZs_gIJ7y2D7oYK8/sendMessage "HTTP/1.1 200 OK"
2025-12-11 11:25:28,534 - httpx - INFO - HTTP Request: POST https://api.telegram.org/bot8437498731:AAFU6_v8gc-yi4AuMJLsZs_gIJ7y2D7oYK8/getUpdates "HTTP/1.1 200 OK"
2025-12-11 11:25:28,573 - httpx - INFO - HTTP Request: POST https://api.telegram.org/bot8437498731:AAFU6_v8gc-yi4AuMJLsZs_gIJ7y2D7oYK8/sendMessage "HTTP/1.1 200 OK"
2025-12-11 11:25:30,203 - httpx - INFO - HTTP Request: POST https://api.telegram.org/bot8437498731:AAFU6_v8gc-yi4AuMJLsZs_gIJ7y2D7oYK8/getUpdates "HTTP/1.1 200 OK"
2025-12-11 11:25:30,248 - httpx - INFO - HTTP Request: POST https://api.telegram.org/bot8437498731:AAFU6_v8gc-yi4AuMJLsZs_gIJ7y2D7oYK8/sendMessage "HTTP/1.1 200 OK"
2025-12-11 11:25:40,227 - httpx - INFO - HTTP Request: POST https://api.telegram.org/bot8437498731:AAFU6_v8gc-yi4AuMJLsZs_gIJ7y2D7oYK8/getUpdates "HTTP/1.1 200 OK"
2025-12-11 11:25:50,248 - httpx - INFO - HTTP Request: POST https://api.telegram.org/bot8437498731:AAFU6_v8gc-yi4AuMJLsZs_gIJ7y2D7oYK8/getUpdates "HTTP/1.1 200 OK"
2025-12-11 11:25:58,571 - httpx - INFO - HTTP Request: POST https://api.telegram.org/bot8437498731:AAFU6_v8gc-yi4AuMJLsZs_gIJ7y2D7oYK8/getUpdates "HTTP/1.1 200 OK"
2025-12-11 11:25:58,572 - telegram.ext.Application - INFO - Application is stopping. This might take a moment.
2025-12-11 11:25:58,573 - telegram.ext.Application - INFO - Application.stop() complete
2025-12-11 11:25:59,065 - __main__ - INFO - Bot başlatılıyor...
2025-12-11 11:25:59,122 - httpx - INFO - HTTP Request: POST https://api.telegram.org/bot8437498731:AAFU6_v8gc-yi4AuMJLsZs_gIJ7y2D7oYK8/getMe "HTTP/1.1 200 OK"
2025-12-11 11:25:59,139 - httpx - INFO - HTTP Request: POST https://api.telegram.org/bot8437498731:AAFU6_v8gc-yi4AuMJLsZs_gIJ7y2D7oYK8/deleteWebhook "HTTP/1.1 200 OK"
2025-12-11 11:25:59,141 - telegram.ext.Application - INFO - Application started
2025-12-11 11:26:09,080 - httpx - INFO - HTTP Request: POST https://api.telegram.org/bot8437498731:AAFU6_v8gc-yi4AuMJLsZs_gIJ7y2D7oYK8/getUpdates "HTTP/1.1 200 OK"
2025-12-11 11:26:09,150 - httpx - INFO - HTTP Request: POST https://api.telegram.org/bot8437498731:AAFU6_v8gc-yi4AuMJLsZs_gIJ7y2D7oYK8/sendMessage "HTTP/1.1 200 OK"
2025-12-11 11:26:19,106 - httpx - INFO - HTTP Request: POST https://api.telegram.org/bot8437498731:AAFU6_v8gc-yi4AuMJLsZs_gIJ7y2D7oYK8/getUpdates "HTTP/1.1 200 OK"
2025-12-11 11:26:29,119 - httpx - INFO - HTTP Request: POST https://api.telegram.org/bot8437498731:AAFU6_v8gc-yi4AuMJLsZs_gIJ7y2D7oYK8/getUpdates "HTTP/1.1 200 OK"
2025-12-11 11:26:39,132 - httpx - INFO - HTTP Request: POST https://api.telegram.org/bot8437498731:AAFU6_v8gc-yi4AuMJLsZs_gIJ7y2D7oYK8/getUpdates "HTTP/1.1 200 OK"
2025-12-11 11:26:49,146 - httpx - INFO - HTTP Request: POST https://api.telegram.org/bot8437498731:AAFU6_v8gc-yi4AuMJLsZs_gIJ7y2D7oYK8/getUpdates "HTTP/1.1 200 OK"
2025-12-11 11:26:56,589 - httpx - INFO - HTTP Request: POST https://api.telegram.org/bot8437498731:AAFU6_v8gc-yi4AuMJLsZs_gIJ7y2D7oYK8/getUpdates "HTTP/1.1 200 OK"
2025-12-11 11:26:56,670 - httpx - INFO - HTTP Request: POST https://api.telegram.org/bot8437498731:AAFU6_v8gc-yi4AuMJLsZs_gIJ7y2D7oYK8/sendMessage "HTTP/1.1 200 OK"
2025-12-11 11:27:06,608 - httpx - INFO - HTTP Request: POST https://api.telegram.org/bot8437498731:AAFU6_v8gc-yi4AuMJLsZs_gIJ7y2D7oYK8/getUpdates "HTTP/1.1 200 OK"
2025-12-11 11:27:16,622 - httpx - INFO - HTTP Request: POST https://api.telegram.org/bot8437498731:AAFU6_v8gc-yi4AuMJLsZs_gIJ7y2D7oYK8/getUpdates "HTTP/1.1 200 OK"
2025-12-11 11:27:26,641 - httpx - INFO - HTTP Request: POST https://api.telegram.org/bot8437498731:AAFU6_v8gc-yi4AuMJLsZs_gIJ7y2D7oYK8/getUpdates "HTTP/1.1 200 OK"
2025-12-11 11:27:36,656 - httpx - INFO - HTTP Request: POST https://api.telegram.org/bot8437498731:AAFU6_v8gc-yi4AuMJLsZs_gIJ7y2D7oYK8/getUpdates "HTTP/1.1 200 OK"
2025-12-11 11:27:46,670 - httpx - INFO - HTTP Request: POST https://api.telegram.org/bot8437498731:AAFU6_v8gc-yi4AuMJLsZs_gIJ7y2D7oYK8/getUpdates "HTTP/1.1 200 OK"
2025-12-11 11:27:56,684 - httpx - INFO - HTTP Request: POST https://api.telegram.org/bot8437498731:AAFU6_v8gc-yi4AuMJLsZs_gIJ7y2D7oYK8/getUpdates "HTTP/1.1 200 OK"
2025-12-11 11:28:06,700 - httpx - INFO - HTTP Request: POST https://api.telegram.org/bot8437498731:AAFU6_v8gc-yi4AuMJLsZs_gIJ7y2D7oYK8/getUpdates "HTTP/1.1 200 OK"
2025-12-11 11:28:08,765 - httpx - INFO - HTTP Request: POST https://api.telegram.org/bot8437498731:AAFU6_v8gc-yi4AuMJLsZs_gIJ7y2D7oYK8/getUpdates "HTTP/1.1 200 OK"
2025-12-11 11:28:08,767 - telegram.ext.Application - INFO - Application is stopping. This might take a moment.
2025-12-11 11:28:08,767 - telegram.ext.Application - INFO - Application.stop() complete
2025-12-11 11:28:09,262 - __main__ - INFO - Bot başlatılıyor...
2025-12-11 11:28:09,317 - httpx - INFO - HTTP Request: POST https://api.telegram.org/bot8437498731:AAFU6_v8gc-yi4AuMJLsZs_gIJ7y2D7oYK8/getMe "HTTP/1.1 200 OK"
2025-12-11 11:28:09,334 - httpx - INFO - HTTP Request: POST https://api.telegram.org/bot8437498731:AAFU6_v8gc-yi4AuMJLsZs_gIJ7y2D7oYK8/deleteWebhook "HTTP/1.1 200 OK"
2025-12-11 11:28:09,336 - telegram.ext.Application - INFO - Application started
2025-12-11 11:28:09,384 - httpx - INFO - HTTP Request: POST https://api.telegram.org/bot8437498731:AAFU6_v8gc-yi4AuMJLsZs_gIJ7y2D7oYK8/getUpdates "HTTP/1.1 200 OK"
2025-12-11 11:28:09,440 - httpx - INFO - HTTP Request: POST https://api.telegram.org/bot8437498731:AAFU6_v8gc-yi4AuMJLsZs_gIJ7y2D7oYK8/sendMessage "HTTP/1.1 200 OK"
2025-12-11 11:28:19,405 - httpx - INFO - HTTP Request: POST https://api.telegram.org/bot8437498731:AAFU6_v8gc-yi4AuMJLsZs_gIJ7y2D7oYK8/getUpdates "HTTP/1.1 200 OK"
2025-12-11 11:28:29,421 - httpx - INFO - HTTP Request: POST https://api.telegram.org/bot8437498731:AAFU6_v8gc-yi4AuMJLsZs_gIJ7y2D7oYK8/getUpdates "HTTP/1.1 200 OK"
2025-12-11 11:28:39,437 - httpx - INFO - HTTP Request: POST https://api.telegram.org/bot8437498731:AAFU6_v8gc-yi4AuMJLsZs_gIJ7y2D7oYK8/getUpdates "HTTP/1.1 200 OK"
2025-12-11 11:28:49,455 - httpx - INFO - HTTP Request: POST https://api.telegram.org/bot8437498731:AAFU6_v8gc-yi4AuMJLsZs_gIJ7y2D7oYK8/getUpdates "HTTP/1.1 200 OK"
2025-12-11 11:28:59,476 - httpx - INFO - HTTP Request: POST https://api.telegram.org/bot8437498731:AAFU6_v8gc-yi4AuMJLsZs_gIJ7y2D7oYK8/getUpdates "HTTP/1.1 200 OK"
